#
# An unexpected error has been detected by Java Runtime Environment:
#
#  SIGSEGV (0xb) at pc=0x00002b5027e09e25, pid=11064, tid=1076017488
#
# Java VM: Java HotSpot(TM) 64-Bit Server VM (1.6.0_03-b05 mixed mode)
# Problematic frame:
# C  [libc.so.6+0x2fe25]  catgets+0x15
#
# If you would like to submit a bug report, please visit:
#   http://java.sun.com/webapps/bugreport/crash.jsp
#

---------------  T H R E A D  ---------------

Current thread (0x0000000040112c00):  JavaThread "main" [_thread_in_native, id=11069]

siginfo:si_signo=11, si_errno=0, si_code=1, si_addr=0x0000000000000008

Registers:
RAX=0x00002aaaf1ac94d0, RBX=0x00002aaaf41a0500, RCX=0x00002aaaf199b40d, RDX=0x0000000000000001
RSP=0x000000004022a1b0, RBP=0x000000004022a1e0, RSI=0x0000000000000013, RDI=0x0000000000000000
R8 =0x00002aaaf128ae50, R9 =0xffffffffffffff00, R10=0x0000000000000001, R11=0x00002b5027e09e10
R12=0x00000000000000e8, R13=0x00002aaaf128ae50, R14=0x000000000000000f, R15=0x000000004022a6b8
RIP=0x00002b5027e09e25, EFL=0x0000000000010202, CSGSFS=0x0000000000000033, ERR=0x0000000000000004
  TRAPNO=0x000000000000000e

Top of Stack: (sp=0x000000004022a1b0)
0x000000004022a1b0:   00002aaaf41a0500 00002aaaf18fa02a
0x000000004022a1c0:   00002aaaf12de140 00002aaaf198ac9c
0x000000004022a1d0:   00002aaaf128ae50 00002aaaf423c750
0x000000004022a1e0:   000000004022a230 00002aaaf18fac49
0x000000004022a1f0:   0000000000e6c501 00000000000000ea
0x000000004022a200:   00000000007eb624 00002aaaf128ae50
0x000000004022a210:   00002aaaf17b8390 00000000000000e8
0x000000004022a220:   00000000000000ea 00002aaaf423c750
0x000000004022a230:   0000000040112d90 00002aaaf17b849e
0x000000004022a240:   00002aaaf1ab7230 000000004022a2d0
0x000000004022a250:   00002aaaf41a0500 00002aaaf17b9163
0x000000004022a260:   000000004022a2a0 00002aaaaf304f38
0x000000004022a270:   0000000000000000 00002aaaf12e0510
0x000000004022a280:   00002aaaf12e0510 01fc01454022a2a0
0x000000004022a290:   00002aaaf128ae50 0001000000000000
0x000000004022a2a0:   00002aaaf1287960 00002aaaf41ea7f0
0x000000004022a2b0:   00002aaaf23a5120 0000000000000000
0x000000004022a2c0:   000000004022a6a8 0000000000000000
0x000000004022a2d0:   00002aaaf2198192 0000000000000000
0x000000004022a2e0:   00002aaaf2198218 0000000000000000
0x000000004022a2f0:   00002aaaf2198168 00002aaaf1381290
0x000000004022a300:   00002aaaf219773a 0000000000000020
0x000000004022a310:   00002aaaf2197743 0000000000000018
0x000000004022a320:   00002aaaf2197865 0000000000000000
0x000000004022a330:   00002aaaf2197a15 00000000000001fc
0x000000004022a340:   00002aaaf2197a17 0000000000000145
0x000000004022a350:   00002aaaf2197a08 0000000000000109
0x000000004022a360:   00002aaaf219778a 00000000000000aa
0x000000004022a370:   00002aaaf1988f0b 00002aaaf41c6540
0x000000004022a380:   00002aaaf1988f27 00002aaaf4197ae0
0x000000004022a390:   00002aaaf1988f35 00002aaaf41c8000
0x000000004022a3a0:   00002aaaf198a5df 0000000000000001 

Instructions: (pc=0x00002b5027e09e25)
0x00002b5027e09e15:   41 89 d2 74 7a 83 c6 01 85 f6 7e 73 85 d2 78 6f
0x00002b5027e09e25:   48 8b 57 08 4c 8b 5f 18 48 8d 04 52 48 89 d3 31 

Stack: [0x000000004012b000,0x000000004022c000),  sp=0x000000004022a1b0,  free space=1020k
Native frames: (J=compiled Java code, j=interpreted, Vv=VM code, C=native code)
C  [libc.so.6+0x2fe25]  catgets+0x15
C  [libmawt.so+0x1a5c49]

Java frames: (J=compiled Java code, j=interpreted, Vv=VM code)
j  sun.awt.motif.MWindowPeer.pCreate(Lsun/awt/motif/MComponentPeer;Ljava/lang/String;)V+0
j  sun.awt.motif.MWindowPeer.create(Lsun/awt/motif/MComponentPeer;)V+12
j  sun.awt.motif.MComponentPeer.init(Ljava/awt/Component;)V+31
j  sun.awt.motif.MWindowPeer.init(Ljava/awt/Window;)V+102
j  sun.awt.motif.MFramePeer.<init>(Ljava/awt/Frame;)V+159
j  sun.awt.motif.MToolkit.createFrame(Ljava/awt/Frame;)Ljava/awt/peer/FramePeer;+5
j  java.awt.Frame.addNotify()V+20
j  java.awt.Window.show()V+8
j  java.awt.Component.show(Z)V+5
j  java.awt.Component.setVisible(Z)V+2
j  java.awt.Window.setVisible(Z)V+2
j  com.kazak.comeet.admin.gui.main.LoginWindow.<init>()V+12
j  com.kazak.comeet.admin.Run.main([Ljava/lang/String;)V+3
v  ~StubRoutines::call_stub

---------------  P R O C E S S  ---------------

Java Threads: ( => current thread )
  0x00002aaaf41fb000 JavaThread "AWT-Motif" daemon [_thread_blocked, id=11083]
  0x00002aaaf41fa800 JavaThread "AWT-Shutdown" [_thread_blocked, id=11082]
  0x00002aaaf40d9800 JavaThread "Java2D Disposer" daemon [_thread_blocked, id=11081]
  0x00002aaaf12b5400 JavaThread "Low Memory Detector" daemon [_thread_blocked, id=11079]
  0x00002aaaf12b2c00 JavaThread "CompilerThread1" daemon [_thread_blocked, id=11078]
  0x00002aaaf12b1000 JavaThread "CompilerThread0" daemon [_thread_blocked, id=11077]
  0x00002aaaf12af800 JavaThread "Signal Dispatcher" daemon [_thread_blocked, id=11076]
  0x00002aaaf128c000 JavaThread "Finalizer" daemon [_thread_blocked, id=11075]
  0x00002aaaf128b400 JavaThread "Reference Handler" daemon [_thread_blocked, id=11074]
=>0x0000000040112c00 JavaThread "main" [_thread_in_native, id=11069]

Other Threads:
  0x00002aaaf1286800 VMThread [id=11073]
  0x00002aaaf12b7400 WatcherThread [id=11080]

VM state:not at safepoint (normal execution)

VM Mutex/Monitor currently owned by a thread: None

Heap
 PSYoungGen      total 18176K, used 6620K [0x00002aaadc7a0000, 0x00002aaaddbe0000, 0x00002aaaf0c40000)
  eden space 15616K, 42% used [0x00002aaadc7a0000,0x00002aaadce17370,0x00002aaadd6e0000)
  from space 2560K, 0% used [0x00002aaadd960000,0x00002aaadd960000,0x00002aaaddbe0000)
  to   space 2560K, 0% used [0x00002aaadd6e0000,0x00002aaadd6e0000,0x00002aaadd960000)
 PSOldGen        total 41536K, used 0K [0x00002aaab3e40000, 0x00002aaab66d0000, 0x00002aaadc7a0000)
  object space 41536K, 0% used [0x00002aaab3e40000,0x00002aaab3e40000,0x00002aaab66d0000)
 PSPermGen       total 21248K, used 9112K [0x00002aaaaea40000, 0x00002aaaaff00000, 0x00002aaab3e40000)
  object space 21248K, 42% used [0x00002aaaaea40000,0x00002aaaaf326080,0x00002aaaaff00000)

Dynamic libraries:
40000000-40009000 r-xp 00000000 08:04 3467362                            /usr/lib/jvm/java-6-sun-1.6.0.03/jre/bin/java
40108000-4010a000 rwxp 00008000 08:04 3467362                            /usr/lib/jvm/java-6-sun-1.6.0.03/jre/bin/java
4010a000-4012b000 rwxp 4010a000 00:00 0                                  [heap]
4012b000-4012e000 ---p 4012b000 00:00 0 
4012e000-4022c000 rwxp 4012e000 00:00 0 
4022c000-4022d000 ---p 4022c000 00:00 0 
4022d000-4032d000 rwxp 4022d000 00:00 0 
4032d000-4032e000 ---p 4032d000 00:00 0 
4032e000-4042e000 rwxp 4032e000 00:00 0 
4042e000-4042f000 ---p 4042e000 00:00 0 
4042f000-4052f000 rwxp 4042f000 00:00 0 
4052f000-40532000 ---p 4052f000 00:00 0 
40532000-40630000 rwxp 40532000 00:00 0 
40630000-40633000 ---p 40630000 00:00 0 
40633000-40731000 rwxp 40633000 00:00 0 
40731000-40734000 ---p 40731000 00:00 0 
40734000-40832000 rwxp 40734000 00:00 0 
40832000-40835000 ---p 40832000 00:00 0 
40835000-40933000 rwxp 40835000 00:00 0 
40933000-40936000 ---p 40933000 00:00 0 
40936000-40a34000 rwxp 40936000 00:00 0 
40a34000-40a37000 ---p 40a34000 00:00 0 
40a37000-40b35000 rwxp 40a37000 00:00 0 
40b35000-40b36000 ---p 40b35000 00:00 0 
40b36000-40c36000 rwxp 40b36000 00:00 0 
40c36000-40c39000 ---p 40c36000 00:00 0 
40c39000-40d37000 rwxp 40c39000 00:00 0 
40d37000-40d3a000 ---p 40d37000 00:00 0 
40d3a000-40e38000 rwxp 40d3a000 00:00 0 
40e38000-40e3b000 ---p 40e38000 00:00 0 
40e3b000-40f39000 rwxp 40e3b000 00:00 0 
2aaaaaaab000-2aaaaaaad000 r-xs 00023000 08:06 43355                      /home/emaku/comeet/comeet/CoMeet-Admin/dist/libs/jdom.jar
2aaaaaaad000-2aaaaaab0000 r-xs 0001c000 08:06 43360                      /home/emaku/comeet/comeet/CoMeet-Admin/dist/libs/jcalendar.jar
2aaaaaab0000-2aaaaaabb000 r-xs 000d0000 08:06 43357                      /home/emaku/comeet/comeet/CoMeet-Admin/dist/libs/synthetica.jar
2aaaaaabb000-2aaaaaac0000 r-xs 0007e000 08:06 43352                      /home/emaku/comeet/comeet/CoMeet-Admin/dist/libs/syntheticaBlueIce.jar
2aaaaaac5000-2aaaaaacd000 r-xp 00000000 08:04 2813145                    /lib/librt-2.6.1.so
2aaaaaacd000-2aaaaaccc000 ---p 00008000 08:04 2813145                    /lib/librt-2.6.1.so
2aaaaaccc000-2aaaaacce000 rwxp 00007000 08:04 2813145                    /lib/librt-2.6.1.so
2aaaaacce000-2aaaaaccf000 r-xp 2aaaaacce000 00:00 0 
2aaaaaccf000-2aaaaacd0000 rwxp 2aaaaaccf000 00:00 0 
2aaaaacd0000-2aaaaacd7000 r-xp 00000000 08:04 3467395                    /usr/lib/jvm/java-6-sun-1.6.0.03/jre/lib/amd64/native_threads/libhpi.so
2aaaaacd7000-2aaaaadd8000 ---p 00007000 08:04 3467395                    /usr/lib/jvm/java-6-sun-1.6.0.03/jre/lib/amd64/native_threads/libhpi.so
2aaaaadd8000-2aaaaadda000 rwxp 00008000 08:04 3467395                    /usr/lib/jvm/java-6-sun-1.6.0.03/jre/lib/amd64/native_threads/libhpi.so
2aaaaadda000-2aaaaaddb000 rwxp 2aaaaadda000 00:00 0 
2aaaaaddb000-2aaaaade3000 rwxs 00000000 08:04 332559                     /tmp/hsperfdata_xtingray/11064
2aaaaade3000-2aaaaadf0000 r-xs 000cd000 08:06 43353                      /home/emaku/comeet/comeet/CoMeet-Admin/dist/libs/poi.jar
2aaaaadf3000-2aaaaae09000 r-xp 00000000 08:04 2813135                    /lib/libnsl-2.6.1.so
2aaaaae09000-2aaaab008000 ---p 00016000 08:04 2813135                    /lib/libnsl-2.6.1.so
2aaaab008000-2aaaab00a000 rwxp 00015000 08:04 2813135                    /lib/libnsl-2.6.1.so
2aaaab00a000-2aaaab00c000 rwxp 2aaaab00a000 00:00 0 
2aaaab00c000-2aaaab014000 r-xp 00000000 08:04 2813136                    /lib/libnss_compat-2.6.1.so
2aaaab014000-2aaaab213000 ---p 00008000 08:04 2813136                    /lib/libnss_compat-2.6.1.so
2aaaab213000-2aaaab215000 rwxp 00007000 08:04 2813136                    /lib/libnss_compat-2.6.1.so
2aaaab215000-2aaaab21f000 r-xp 00000000 08:04 2813140                    /lib/libnss_nis-2.6.1.so
2aaaab21f000-2aaaab41e000 ---p 0000a000 08:04 2813140                    /lib/libnss_nis-2.6.1.so
2aaaab41e000-2aaaab420000 rwxp 00009000 08:04 2813140                    /lib/libnss_nis-2.6.1.so
2aaaab420000-2aaaab42a000 r-xp 00000000 08:04 2813138                    /lib/libnss_files-2.6.1.so
2aaaab42a000-2aaaab629000 ---p 0000a000 08:04 2813138                    /lib/libnss_files-2.6.1.so
2aaaab629000-2aaaab62b000 rwxp 00009000 08:04 2813138                    /lib/libnss_files-2.6.1.so
2aaaab62b000-2aaaab638000 r-xp 00000000 08:04 3467388                    /usr/lib/jvm/java-6-sun-1.6.0.03/jre/lib/amd64/libverify.so
2aaaab638000-2aaaab737000 ---p 0000d000 08:04 3467388                    /usr/lib/jvm/java-6-sun-1.6.0.03/jre/lib/amd64/libverify.so
2aaaab737000-2aaaab73a000 rwxp 0000c000 08:04 3467388                    /usr/lib/jvm/java-6-sun-1.6.0.03/jre/lib/amd64/libverify.so
2aaaab73a000-2aaaab762000 r-xp 00000000 08:04 3467406                    /usr/lib/jvm/java-6-sun-1.6.0.03/jre/lib/amd64/libjava.so
2aaaab762000-2aaaab862000 ---p 00028000 08:04 3467406                    /usr/lib/jvm/java-6-sun-1.6.0.03/jre/lib/amd64/libjava.so
2aaaab862000-2aaaab869000 rwxp 00028000 08:04 3467406                    /usr/lib/jvm/java-6-sun-1.6.0.03/jre/lib/amd64/libjava.so
2aaaab869000-2aaaab877000 r-xp 00000000 08:04 3467393                    /usr/lib/jvm/java-6-sun-1.6.0.03/jre/lib/amd64/libzip.so
2aaaab877000-2aaaab979000 ---p 0000e000 08:04 3467393                    /usr/lib/jvm/java-6-sun-1.6.0.03/jre/lib/amd64/libzip.so
2aaaab979000-2aaaab97c000 rwxp 00010000 08:04 3467393                    /usr/lib/jvm/java-6-sun-1.6.0.03/jre/lib/amd64/libzip.so
2aaaab97c000-2aaaabbed000 rwxp 2aaaab97c000 00:00 0 
2aaaabbed000-2aaaae97d000 rwxp 2aaaabbed000 00:00 0 
2aaaae97d000-2aaaae987000 rwxp 2aaaae97d000 00:00 0 
2aaaae987000-2aaaaea3d000 rwxp 2aaaae987000 00:00 0 
2aaaaea40000-2aaaaff00000 rwxp 2aaaaea40000 00:00 0 
2aaaaff00000-2aaab3e40000 rwxp 2aaaaff00000 00:00 0 
2aaab3e40000-2aaab66d0000 rwxp 2aaab3e40000 00:00 0 
2aaab66d0000-2aaadc7a0000 rwxp 2aaab66d0000 00:00 0 
2aaadc7a0000-2aaaddbe0000 rwxp 2aaadc7a0000 00:00 0 
2aaaddbe0000-2aaaf0c40000 rwxp 2aaaddbe0000 00:00 0 
2aaaf0c40000-2aaaf0c4b000 rwxp 2aaaf0c40000 00:00 0 
2aaaf0c4b000-2aaaf0c6a000 rwxp 2aaaf0c4b000 00:00 0 
2aaaf0c6a000-2aaaf0c7f000 rwxp 2aaaf0c6a000 00:00 0 
2aaaf0c7f000-2aaaf0dae000 rwxp 2aaaf0c7f000 00:00 0 
2aaaf0dae000-2aaaf0db9000 rwxp 2aaaf0dae000 00:00 0 
2aaaf0db9000-2aaaf0e51000 rwxp 2aaaf0db9000 00:00 0 
2aaaf0e51000-2aaaf0e67000 rwxp 2aaaf0e51000 00:00 0 
2aaaf0e67000-2aaaf0f97000 rwxp 2aaaf0e67000 00:00 0 
2aaaf0f97000-2aaaf0fa2000 rwxp 2aaaf0f97000 00:00 0 
2aaaf0fa2000-2aaaf0fc1000 rwxp 2aaaf0fa2000 00:00 0 
2aaaf0fc1000-2aaaf10e9000 rwxp 2aaaf0fc1000 00:00 0 
2aaaf10e9000-2aaaf1265000 r-xs 02c8f000 08:04 3467446                    /usr/lib/jvm/java-6-sun-1.6.0.03/jre/lib/rt.jar
2aaaf1265000-2aaaf1386000 rwxp 2aaaf1265000 00:00 0 
2aaaf1386000-2aaaf13c5000 r-xp 00000000 08:04 2928130                    /usr/lib/locale/es_CO.utf8/LC_CTYPE
2aaaf13c5000-2aaaf13cc000 r-xs 00000000 08:04 2878475                    /usr/lib/gconv/gconv-modules.cache
2aaaf13cc000-2aaaf13d2000 r-xs 0004f000 08:06 43359                      /home/emaku/comeet/comeet/CoMeet-Admin/dist/libs/mail.jar
2aaaf13d2000-2aaaf13d4000 r-xs 0000c000 08:06 43358                      /home/emaku/comeet/comeet/CoMeet-Admin/dist/libs/activation.jar
2aaaf13d4000-2aaaf13de000 r-xs 00073000 08:06 43354                      /home/emaku/comeet/comeet/CoMeet-Admin/dist/libs/samskivert.jar
2aaaf13de000-2aaaf13e0000 r-xs 00003000 08:06 44852                      /home/emaku/comeet/comeet/CoMeet-Admin/dist/libs/icons.jar
2aaaf13e0000-2aaaf146a000 r-xp 00000000 08:04 3467421                    /usr/lib/jvm/java-6-sun-1.6.0.03/jre/lib/amd64/libawt.so
2aaaf146a000-2aaaf1569000 ---p 0008a000 08:04 3467421                    /usr/lib/jvm/java-6-sun-1.6.0.03/jre/lib/amd64/libawt.so
2aaaf1569000-2aaaf1582000 rwxp 00089000 08:04 3467421                    /usr/lib/jvm/java-6-sun-1.6.0.03/jre/lib/amd64/libawt.so
2aaaf1582000-2aaaf15a6000 rwxp 2aaaf1582000 00:00 0 
2aaaf15a6000-2aaaf164f000 r-xp 00000000 08:04 3467400                    /usr/lib/jvm/java-6-sun-1.6.0.03/jre/lib/amd64/libmlib_image.so
2aaaf164f000-2aaaf174e000 ---p 000a9000 08:04 3467400                    /usr/lib/jvm/java-6-sun-1.6.0.03/jre/lib/amd64/libmlib_image.so
2aaaf174e000-2aaaf1755000 rwxp 000a8000 08:04 3467400                    /usr/lib/jvm/java-6-sun-1.6.0.03/jre/lib/amd64/libmlib_image.so
2aaaf1755000-2aaaf19b8000 r-xp 00000000 08:04 3467402                    /usr/lib/jvm/java-6-sun-1.6.0.03/jre/lib/amd64/motif21/libmawt.so
2aaaf19b8000-2aaaf1ab7000 ---p 00263000 08:04 3467402                    /usr/lib/jvm/java-6-sun-1.6.0.03/jre/lib/amd64/motif21/libmawt.so
2aaaf1ab7000-2aaaf1b0b000 rwxp 00262000 08:04 3467402                    /usr/lib/jvm/java-6-sun-1.6.0.03/jre/lib/amd64/motif21/libmawt.so
2aaaf1b0b000-2aaaf1b0d000 rwxp 2aaaf1b0b000 00:00 0 
2aaaf1b0d000-2aaaf1b0f000 r-xs 00023000 08:06 42582                      /home/emaku/comeet/comeet/CoMeet-Lib/dist/libs/jdom.jar
2aaaf1b25000-2aaaf1b2d000 r-xp 00000000 08:04 2863284                    /usr/lib/libXp.so.6.2.0
2aaaf1b2d000-2aaaf1d2d000 ---p 00008000 08:04 2863284                    /usr/lib/libXp.so.6.2.0
2aaaf1d2d000-2aaaf1d2e000 rwxp 00008000 08:04 2863284                    /usr/lib/libXp.so.6.2.0
2aaaf1d2e000-2aaaf1d33000 r-xp 00000000 08:04 2863296                    /usr/lib/libXtst.so.6.1.0
2aaaf1d33000-2aaaf1f33000 ---p 00005000 08:04 2863296                    /usr/lib/libXtst.so.6.1.0
2aaaf1f33000-2aaaf1f34000 rwxp 00005000 08:04 2863296                    /usr/lib/libXtst.so.6.1.0
2aaaf1f34000-2aaaf1f45000 r-xp 00000000 08:04 2863268                    /usr/lib/libXext.so.6.4.0
2aaaf1f45000-2aaaf2144000 ---p 00011000 08:04 2863268                    /usr/lib/libXext.so.6.4.0
2aaaf2144000-2aaaf2145000 rwxp 00010000 08:04 2863268                    /usr/lib/libXext.so.6.4.0
2aaaf2145000-2aaaf21a2000 r-xp 00000000 08:04 2863294                    /usr/lib/libXt.so.6.0.0
2aaaf21a2000-2aaaf23a2000 ---p 0005d000 08:04 2863294                    /usr/lib/libXt.so.6.0.0
2aaaf23a2000-2aaaf23a8000 rwxp 0005d000 08:04 2863294                    /usr/lib/libXt.so.6.0.0
2aaaf23a8000-2aaaf23a9000 rwxp 2aaaf23a8000 00:00 0 
2aaaf23a9000-2aaaf24b3000 r-xp 00000000 08:04 2863247                    /usr/lib/libX11.so.6.2.0
2aaaf24b3000-2aaaf26b3000 ---p 0010a000 08:04 2863247                    /usr/lib/libX11.so.6.2.0
2aaaf26b3000-2aaaf26ba000 rwxp 0010a000 08:04 2863247                    /usr/lib/libX11.so.6.2.0
2aaaf26ba000-2aaaf26c2000 r-xp 00000000 08:04 2863276                    /usr/lib/libXi.so.6.0.0
2aaaf26c2000-2aaaf28c2000 ---p 00008000 08:04 2863276                    /usr/lib/libXi.so.6.0.0
2aaaf28c2000-2aaaf28c3000 rwxp 00008000 08:04 2863276                    /usr/lib/libXi.so.6.0.0
2aaaf28c3000-2aaaf28c5000 r-xp 00000000 08:04 2863253                    /usr/lib/libXau.so.6.0.0
2aaaf28c5000-2aaaf2ac4000 ---p 00002000 08:04 2863253                    /usr/lib/libXau.so.6.0.0
2aaaf2ac4000-2aaaf2ac5000 rwxp 00001000 08:04 2863253                    /usr/lib/libXau.so.6.0.0
2aaaf2ac5000-2aaaf2acd000 r-xp 00000000 08:04 2863243                    /usr/lib/libSM.so.6.0.0
2aaaf2acd000-2aaaf2ccc000 ---p 00008000 08:04 2863243                    /usr/lib/libSM.so.6.0.0
2aaaf2ccc000-2aaaf2ccd000 rwxp 00007000 08:04 2863243                    /usr/lib/libSM.so.6.0.0
2aaaf2ccd000-2aaaf2ce4000 r-xp 00000000 08:04 2863225                    /usr/lib/libICE.so.6.3.0
2aaaf2ce4000-2aaaf2ee4000 ---p 00017000 08:04 2863225                    /usr/lib/libICE.so.6.3.0
2aaaf2ee4000-2aaaf2ee5000 rwxp 00017000 08:04 2863225                    /usr/lib/libICE.so.6.3.0
2aaaf2ee5000-2aaaf2ee9000 rwxp 2aaaf2ee5000 00:00 0 
2aaaf2ee9000-2aaaf2eee000 r-xp 00000000 08:04 2863264                    /usr/lib/libXdmcp.so.6.0.0
2aaaf2eee000-2aaaf30ed000 ---p 00005000 08:04 2863264                    /usr/lib/libXdmcp.so.6.0.0
2aaaf30ed000-2aaaf30ee000 rwxp 00004000 08:04 2863264                    /usr/lib/libXdmcp.so.6.0.0
2aaaf30ee000-2aaaf33ee000 rwxp 2aaaf30ee000 00:00 0 
2aaaf33ee000-2aaaf346c000 r-xp 00000000 08:04 3467391                    /usr/lib/jvm/java-6-sun-1.6.0.03/jre/lib/amd64/libfontmanager.so
2aaaf346c000-2aaaf356b000 ---p 0007e000 08:04 3467391                    /usr/lib/jvm/java-6-sun-1.6.0.03/jre/lib/amd64/libfontmanager.so
2aaaf356b000-2aaaf3581000 rwxp 0007d000 08:04 3467391                    /usr/lib/jvm/java-6-sun-1.6.0.03/jre/lib/amd64/libfontmanager.so
2aaaf3581000-2aaaf3792000 rwxp 2aaaf3581000 00:00 0 
2aaaf37aa000-2aaaf37b4000 r-xp 00000000 08:04 2863260                    /usr/lib/libXcursor.so.1.0.2
2aaaf37b4000-2aaaf39b3000 ---p 0000a000 08:04 2863260                    /usr/lib/libXcursor.so.1.0.2
2aaaf39b3000-2aaaf39b4000 rwxp 00009000 08:04 2863260                    /usr/lib/libXcursor.so.1.0.2
2aaaf39b4000-2aaaf39bd000 r-xp 00000000 08:04 2863290                    /usr/lib/libXrender.so.1.3.0
2aaaf39bd000-2aaaf3bbc000 ---p 00009000 08:04 2863290                    /usr/lib/libXrender.so.1.3.0
2aaaf3bbc000-2aaaf3bbd000 rwxp 00008000 08:04 2863290                    /usr/lib/libXrender.so.1.3.0
2aaaf3bbd000-2aaaf3bc2000 r-xp 00000000 08:04 2863270                    /usr/lib/libXfixes.so.3.1.0
2aaaf3bc2000-2aaaf3dc1000 ---p 00005000 08:04 2863270                    /usr/lib/libXfixes.so.3.1.0
2aaaf3dc1000-2aaaf3dc2000 rwxp 00004000 08:04 2863270                    /usr/lib/libXfixes.so.3.1.0
2aaaf3e75000-2aaaf3f05000 r-xs 00000000 08:04 3225864                    /var/cache/fontconfig/58e4d07e4f2af1648e5a91450aa7f4de-x86-64.cache-2
2aaaf3f05000-2aaaf3f16000 r-xs 00000000 08:04 3226079                    /var/cache/fontconfig/7ef2298fde41cc6eeb7af42e48b7d293-x86-64.cache-2
2aaaf3f16000-2aaaf3f1d000 r-xs 00000000 08:04 3226246                    /var/cache/fontconfig/6330322105e0c4105d7c7a6ea2974107-x86-64.cache-2
2aaaf3f1d000-2aaaf3f22000 r-xs 00000000 08:04 3226312                    /var/cache/fontconfig/b3fedf7c409f006ca1a6fceffceb77cf-x86-64.cache-2
2aaaf3f22000-2aaaf3f28000 r-xs 00000000 08:04 3226313                    /var/cache/fontconfig/9404ff413c67fc2a1526fd14eb4163a8-x86-64.cache-2
2aaaf3f28000-2aaaf3f2d000 r-xs 00000000 08:04 3226314                    /var/cache/fontconfig/a960c40fc9306f090224a04585f8a963-x86-64.cache-2
2aaaf3f2d000-2aaaf3f2e000 r-xs 00000000 08:04 3226315                    /var/cache/fontconfig/92a571655fb1c0ec1c4d6f496220600a-x86-64.cache-2
2aaaf3f2e000-2aaaf3f36000 r-xs 00000000 08:04 3226316                    /var/cache/fontconfig/102e5142c2e9e50c5e8ece26694a2dad-x86-64.cache-2
2aaaf3f36000-2aaaf3f3c000 r-xs 00000000 08:04 3226317                    /var/cache/fontconfig/142ecfc435bad6f1fbc2648c1119d5eb-x86-64.cache-2
2aaaf3f3c000-2aaaf3f3d000 r-xs 00000000 08:04 3226318                    /var/cache/fontconfig/4123634e9c08547d899d0aaff05ebe69-x86-64.cache-2
2aaaf3f3d000-2aaaf3f3e000 r-xs 00000000 08:04 3226319                    /var/cache/fontconfig/892f88ea27b235637f494d515247eddd-x86-64.cache-2
2aaaf3f3e000-2aaaf3f3f000 r-xs 00000000 08:04 3226320                    /var/cache/fontconfig/e0f9e95429e756d56293ed4d63866094-x86-64.cache-2
2aaaf3f3f000-2aaaf3f42000 r-xs 00000000 08:04 3226321                    /var/cache/fontconfig/61c830dfac3fd78a12654da5e9ba3f56-x86-64.cache-2
2aaaf3f42000-2aaaf3f49000 r-xs 00000000 08:04 3226075                    /var/cache/fontconfig/7b4a97c10f6c0166998ddfa1cf7392fb-x86-64.cache-2
2aaaf3f49000-2aaaf3f4f000 r-xs 00000000 08:04 3226323                    /var/cache/fontconfig/0f32d3adc6a232110812e17374eaa446-x86-64.cache-2
2aaaf3f4f000-2aaaf3f56000 r-xs 00000000 08:04 3226324                    /var/cache/fontconfig/8ab5f685cd6d8ba67c37c908faf08172-x86-64.cache-2
2aaaf3f56000-2aaaf3f57000 r-xs 00000000 08:04 3226325                    /var/cache/fontconfig/a1131b7be650f9abae4907495aa5815d-x86-64.cache-2
2aaaf3f57000-2aaaf3f59000 r-xs 00000000 08:04 3226326                    /var/cache/fontconfig/118d8d5311348bbdf5fe3b106d7c13d4-x86-64.cache-2
2aaaf3f59000-2aaaf3f5a000 r-xs 00000000 08:04 3226327                    /var/cache/fontconfig/f5a93ac943883aa0fd9a7bfe0f6ec3c1-x86-64.cache-2
2aaaf3f5a000-2aaaf3f5c000 r-xs 00000000 08:04 3226328                    /var/cache/fontconfig/059138ec877db160474b4d5de1248d14-x86-64.cache-2
2aaaf3f5c000-2aaaf3f65000 r-xs 00000000 08:04 3226329                    /var/cache/fontconfig/fd9416c4b92f07c6f59a3a8cf496e9dc-x86-64.cache-2
2aaaf3f65000-2aaaf3f69000 r-xs 00000000 08:04 3226330                    /var/cache/fontconfig/b21a91cee725896328b8cee8091cf747-x86-64.cache-2
2aaaf3f69000-2aaaf3f6c000 r-xs 00000000 08:04 3226331                    /var/cache/fontconfig/b8613a33de00eecd32d5a94c3c617829-x86-64.cache-2
2aaaf3f6c000-2aaaf3f6d000 r-xs 00000000 08:04 3226332                    /var/cache/fontconfig/bf1f9632594a1fa28e2cf4d7888deffe-x86-64.cache-2
2aaaf3f6d000-2aaaf3f6e000 r-xs 00000000 08:04 3226333                    /var/cache/fontconfig/e9e44584608a73233979f764b5f9dd81-x86-64.cache-2
2aaaf3f6e000-2aaaf3f6f000 r-xs 00000000 08:04 3226334                    /var/cache/fontconfig/fcff1cd55d48a2c86a175e9943c3506d-x86-64.cache-2
2aaaf3f6f000-2aaaf3f71000 r-xs 00000000 08:04 3226204                    /var/cache/fontconfig/e13b20fdb08344e0e664864cc2ede53d-x86-64.cache-2
2aaaf3f71000-2aaaf3f75000 r-xs 00000000 08:04 3226271                    /var/cache/fontconfig/089dead882dea3570ffc31a9898cfb69-x86-64.cache-2
2aaaf3f75000-2aaaf3f7c000 r-xs 00000000 08:04 3226296                    /var/cache/fontconfig/d52a8644073d54c13679302ca1180695-x86-64.cache-2
2aaaf3f7c000-2aaaf3f7f000 r-xs 00000000 08:04 3226297                    /var/cache/fontconfig/de9486f0b47a4d768a594cb4198cb1c6-x86-64.cache-2
2aaaf3f7f000-2aaaf3f9e000 r-xs 00000000 08:04 3226298                    /var/cache/fontconfig/365b55f210c0a22e9a19e35191240f32-x86-64.cache-2
2aaaf3f9e000-2aaaf3f9f000 r-xs 00000000 08:04 3226299                    /var/cache/fontconfig/4794a0821666d79190d59a36cb4f44b5-x86-64.cache-2
2aaaf3f9f000-2aaaf3fa7000 r-xs 00000000 08:04 3226300                    /var/cache/fontconfig/0f34bcd4b6ee430af32735b75db7f02b-x86-64.cache-2
2aaaf3fa7000-2aaaf3fb2000 r-xs 00000000 08:04 3226301                    /var/cache/fontconfig/e3de0de479f42330eadf588a55fb5bf4-x86-64.cache-2
2aaaf3fb2000-2aaaf3fb5000 r-xs 00000000 08:04 3226302                    /var/cache/fontconfig/de156ccd2eddbdc19d37a45b8b2aac9c-x86-64.cache-2
2aaaf3fb5000-2aaaf3fb8000 r-xs 00000000 08:04 3226303                    /var/cache/fontconfig/6d41288fd70b0be22e8c3a91e032eec0-x86-64.cache-2
2aaaf3fb8000-2aaaf3fba000 r-xs 00000000 08:04 3226304                    /var/cache/fontconfig/75a2cd575a62c63e802c11411fb87c37-x86-64.cache-2
2aaaf3fba000-2aaaf3fbe000 r-xs 00000000 08:04 3226305                    /var/cache/fontconfig/a755afe4a08bf5b97852ceb7400b47bc-x86-64.cache-2
2aaaf3fbe000-2aaaf3fbf000 r-xs 00000000 08:04 3226306                    /var/cache/fontconfig/4c73fe0c47614734b17d736dbde7580a-x86-64.cache-2
2aaaf3fbf000-2aaaf3fc3000 r-xs 00000000 08:04 3226083                    /var/cache/fontconfig/926e794c3d5e5dffcaf2fa83ef8d36c2-x86-64.cache-2
2aaaf3fc3000-2aaaf3fc4000 r-xs 00000000 08:04 3226307                    /var/cache/fontconfig/c69f04ab05004e31a6d5e715764f16d8-x86-64.cache-2
2aaaf3fc4000-2aaaf3fc9000 r-xs 00000000 08:04 3226308                    /var/cache/fontconfig/921a30a17f0be15c70ac14043cb7a739-x86-64.cache-2
2aaaf3fc9000-2aaaf3fcc000 r-xs 00000000 08:04 3226309                    /var/cache/fontconfig/e383d7ea5fbe662a33d9b44caf393297-x86-64.cache-2
2aaaf3fcc000-2aaaf3fd4000 r-xs 00000000 08:04 3226244                    /var/cache/fontconfig/945677eb7aeaf62f1d50efc3fb3ec7d8-x86-64.cache-2
2aaaf4000000-2aaaf425b000 rwxp 2aaaf4000000 00:00 0 
2aaaf425b000-2aaaf8000000 ---p 2aaaf425b000 00:00 0 
2b5027692000-2b50276af000 r-xp 00000000 08:04 2812556                    /lib/ld-2.6.1.so
2b50276af000-2b50276b2000 rwxp 2b50276af000 00:00 0 
2b50278ae000-2b50278b0000 rwxp 0001c000 08:04 2812556                    /lib/ld-2.6.1.so
2b50278b0000-2b50278c6000 r-xp 00000000 08:04 2813143                    /lib/libpthread-2.6.1.so
2b50278c6000-2b5027ac5000 ---p 00016000 08:04 2813143                    /lib/libpthread-2.6.1.so
2b5027ac5000-2b5027ac7000 rwxp 00015000 08:04 2813143                    /lib/libpthread-2.6.1.so
2b5027ac7000-2b5027acb000 rwxp 2b5027ac7000 00:00 0 
2b5027acb000-2b5027ad2000 r-xp 00000000 08:04 3467379                    /usr/lib/jvm/java-6-sun-1.6.0.03/jre/lib/amd64/jli/libjli.so
2b5027ad2000-2b5027bd3000 ---p 00007000 08:04 3467379                    /usr/lib/jvm/java-6-sun-1.6.0.03/jre/lib/amd64/jli/libjli.so
2b5027bd3000-2b5027bd5000 rwxp 00008000 08:04 3467379                    /usr/lib/jvm/java-6-sun-1.6.0.03/jre/lib/amd64/jli/libjli.so
2b5027bd5000-2b5027bd7000 r-xp 00000000 08:04 2813059                    /lib/libdl-2.6.1.so
2b5027bd7000-2b5027dd7000 ---p 00002000 08:04 2813059                    /lib/libdl-2.6.1.so
2b5027dd7000-2b5027dd9000 rwxp 00002000 08:04 2813059                    /lib/libdl-2.6.1.so
2b5027dd9000-2b5027dda000 rwxp 2b5027dd9000 00:00 0 
2b5027dda000-2b5027f2c000 r-xp 00000000 08:04 2813056                    /lib/libc-2.6.1.so
2b5027f2c000-2b502812b000 ---p 00152000 08:04 2813056                    /lib/libc-2.6.1.so
2b502812b000-2b502812e000 r-xp 00151000 08:04 2813056                    /lib/libc-2.6.1.so
2b502812e000-2b5028130000 rwxp 00154000 08:04 2813056                    /lib/libc-2.6.1.so
2b5028130000-2b5028136000 rwxp 2b5028130000 00:00 0 
2b5028136000-2b50287dd000 r-xp 00000000 08:04 3467412                    /usr/lib/jvm/java-6-sun-1.6.0.03/jre/lib/amd64/server/libjvm.so
2b50287dd000-2b50288de000 ---p 006a7000 08:04 3467412                    /usr/lib/jvm/java-6-sun-1.6.0.03/jre/lib/amd64/server/libjvm.so
2b50288de000-2b5028a16000 rwxp 006a8000 08:04 3467412                    /usr/lib/jvm/java-6-sun-1.6.0.03/jre/lib/amd64/server/libjvm.so
2b5028a16000-2b5028a51000 rwxp 2b5028a16000 00:00 0 
2b5028a69000-2b5028ae9000 r-xp 00000000 08:04 2813133                    /lib/libm-2.6.1.so
2b5028ae9000-2b5028ce8000 ---p 00080000 08:04 2813133                    /lib/libm-2.6.1.so
2b5028ce8000-2b5028cea000 rwxp 0007f000 08:04 2813133                    /lib/libm-2.6.1.so
7fff83403000-7fff83418000 rwxp 7fff83403000 00:00 0                      [stack]
ffffffffff600000-ffffffffff601000 r-xp 00000000 00:00 0                  [vdso]

VM Arguments:
java_command: com.kazak.comeet.admin.Run
Launcher Type: SUN_STANDARD

Environment Variables:
JAVA_HOME=/usr/lib/jvm/java-6-sun
PATH=/home/xtingray/bin:/usr/local/sbin:/usr/local/bin:/usr/sbin:/usr/bin:/sbin:/bin:/usr/games
USERNAME=xtingray
LD_LIBRARY_PATH=/usr/lib/jvm/java-6-sun-1.6.0.03/jre/lib/amd64/server:/usr/lib/jvm/java-6-sun-1.6.0.03/jre/lib/amd64:/usr/lib/jvm/java-6-sun-1.6.0.03/jre/../lib/amd64:/usr/lib/firefox
SHELL=/bin/bash
DISPLAY=:0.0

Signal Handlers:
SIGSEGV: [libjvm.so+0x61b150], sa_mask[0]=0x7ffbfeff, sa_flags=0x10000004
SIGBUS: [libjvm.so+0x61b150], sa_mask[0]=0x7ffbfeff, sa_flags=0x10000004
SIGFPE: [libjvm.so+0x4cbdd0], sa_mask[0]=0x7ffbfeff, sa_flags=0x10000004
SIGPIPE: [libjvm.so+0x4cbdd0], sa_mask[0]=0x7ffbfeff, sa_flags=0x10000004
SIGILL: [libjvm.so+0x4cbdd0], sa_mask[0]=0x7ffbfeff, sa_flags=0x10000004
SIGUSR1: SIG_DFL, sa_mask[0]=0x00000000, sa_flags=0x00000000
SIGUSR2: [libjvm.so+0x4cdff0], sa_mask[0]=0x00000004, sa_flags=0x10000004
SIGHUP: [libjvm.so+0x4cd930], sa_mask[0]=0x7ffbfeff, sa_flags=0x10000004
SIGINT: [libjvm.so+0x4cd930], sa_mask[0]=0x7ffbfeff, sa_flags=0x10000004
SIGQUIT: [libjvm.so+0x4cd930], sa_mask[0]=0x7ffbfeff, sa_flags=0x10000004
SIGTERM: [libjvm.so+0x4cd930], sa_mask[0]=0x7ffbfeff, sa_flags=0x10000004
SIGUSR2: [libjvm.so+0x4cdff0], sa_mask[0]=0x00000004, sa_flags=0x10000004


---------------  S Y S T E M  ---------------

OS:lenny/sid

uname:Linux 2.6.22-14-generic #1 SMP Sun Oct 14 21:45:15 GMT 2007 x86_64
libc:glibc 2.6.1 NPTL 2.6.1 
rlimit: STACK 8192k, CORE 0k, NPROC 43008, NOFILE 1024, AS infinity
load average:2.51 1.33 1.00

CPU:total 2 (2 cores per cpu, 1 threads per core) family 15 model 104 stepping 1, cmov, cx8, fxsr, mmx, sse, sse2, sse3, mmxext, 3dnow, 3dnowext

Memory: 4k page, physical 3982044k(243412k free), swap 996020k(996020k free)

vm_info: Java HotSpot(TM) 64-Bit Server VM (1.6.0_03-b05) for linux-amd64, built on Sep 24 2007 23:09:21 by "java_re" with gcc 3.2.2 (SuSE Linux)

