#
# An unexpected error has been detected by Java Runtime Environment:
#
#  SIGSEGV (0xb) at pc=0x00002b8d818c2e25, pid=10430, tid=1076017488
#
# Java VM: Java HotSpot(TM) 64-Bit Server VM (1.6.0_03-b05 mixed mode)
# Problematic frame:
# C  [libc.so.6+0x2fe25]  catgets+0x15
#
# If you would like to submit a bug report, please visit:
#   http://java.sun.com/webapps/bugreport/crash.jsp
#

---------------  T H R E A D  ---------------

Current thread (0x0000000040112c00):  JavaThread "main" [_thread_in_native, id=10431]

siginfo:si_signo=11, si_errno=0, si_code=1, si_addr=0x0000000000000008

Registers:
RAX=0x00002aaaf1bd84d0, RBX=0x00002aaafc000a50, RCX=0x00002aaaf1aaa40d, RDX=0x0000000000000001
RSP=0x000000004022a1a0, RBP=0x000000004022a1d0, RSI=0x0000000000000013, RDI=0x0000000000000000
R8 =0x00002aaaf12cf008, R9 =0xffffffffffffff00, R10=0x0000000000000001, R11=0x00002b8d818c2e10
R12=0x00000000000000e8, R13=0x00002aaaf12cf008, R14=0x000000000000000f, R15=0x000000004022a6b0
RIP=0x00002b8d818c2e25, EFL=0x0000000000010202, CSGSFS=0x0000000000000033, ERR=0x0000000000000004
  TRAPNO=0x000000000000000e

Top of Stack: (sp=0x000000004022a1a0)
0x000000004022a1a0:   00002aaafc000a50 00002aaaf1a0902a
0x000000004022a1b0:   00002aaaf40ad530 00002aaaf1a99c9c
0x000000004022a1c0:   00002aaaf12cf008 00002aaafc003840
0x000000004022a1d0:   000000004022a220 00002aaaf1a09c49
0x000000004022a1e0:   0000000000eb0c01 00000000000000ea
0x000000004022a1f0:   00000000007eb624 00002aaaf12cf008
0x000000004022a200:   00002aaaf18c7390 00000000000000e8
0x000000004022a210:   00000000000000ea 00002aaafc003840
0x000000004022a220:   0000000040112d90 00002aaaf18c749e
0x000000004022a230:   00002aaaf1bc6230 000000004022a2c0
0x000000004022a240:   00002aaafc000a50 00002aaaf18c8163
0x000000004022a250:   000000004022a290 00002aaaaf7e5c78
0x000000004022a260:   0000000000000000 00002aaaf40b62d0
0x000000004022a270:   00002aaaf40b62d0 01f7012c4022a290
0x000000004022a280:   00002aaaf12cf008 0001000000000000
0x000000004022a290:   00002aaaf128ac80 00002aaaf1417410
0x000000004022a2a0:   00002aaaf24b4120 0000000000000000
0x000000004022a2b0:   000000004022a6a0 0000000000000000
0x000000004022a2c0:   00002aaaf22a7192 0000000000000000
0x000000004022a2d0:   00002aaaf22a7218 0000000000000000
0x000000004022a2e0:   00002aaaf22a7168 00002aaaf40b2f70
0x000000004022a2f0:   00002aaaf22a673a 0000000000000020
0x000000004022a300:   00002aaaf22a6743 0000000000000018
0x000000004022a310:   00002aaaf22a6865 0000000000000000
0x000000004022a320:   00002aaaf22a6a15 00000000000001f7
0x000000004022a330:   00002aaaf22a6a17 000000000000012c
0x000000004022a340:   00002aaaf22a6a08 0000000000000113
0x000000004022a350:   00002aaaf22a678a 00000000000000c8
0x000000004022a360:   00002aaaf1a97f0b 00002aaafc003660
0x000000004022a370:   00002aaaf1a97f27 00002aaafc003730
0x000000004022a380:   00002aaaf1a97f35 00002aaafc003800
0x000000004022a390:   00002aaaf1a995df 0000000000000000 

Instructions: (pc=0x00002b8d818c2e25)
0x00002b8d818c2e15:   41 89 d2 74 7a 83 c6 01 85 f6 7e 73 85 d2 78 6f
0x00002b8d818c2e25:   48 8b 57 08 4c 8b 5f 18 48 8d 04 52 48 89 d3 31 

Stack: [0x000000004012b000,0x000000004022c000),  sp=0x000000004022a1a0,  free space=1020k
Native frames: (J=compiled Java code, j=interpreted, Vv=VM code, C=native code)
C  [libc.so.6+0x2fe25]  catgets+0x15
C  [libmawt.so+0x1a5c49]

Java frames: (J=compiled Java code, j=interpreted, Vv=VM code)
j  sun.awt.motif.MWindowPeer.pCreate(Lsun/awt/motif/MComponentPeer;Ljava/lang/String;)V+0
j  sun.awt.motif.MWindowPeer.create(Lsun/awt/motif/MComponentPeer;)V+12
j  sun.awt.motif.MComponentPeer.init(Ljava/awt/Component;)V+31
j  sun.awt.motif.MWindowPeer.init(Ljava/awt/Window;)V+102
j  sun.awt.motif.MFramePeer.<init>(Ljava/awt/Frame;)V+159
j  sun.awt.motif.MToolkit.createFrame(Ljava/awt/Frame;)Ljava/awt/peer/FramePeer;+5
j  java.awt.Frame.addNotify()V+20
j  java.awt.Window.show()V+8
j  java.awt.Component.show(Z)V+5
j  java.awt.Component.setVisible(Z)V+2
j  java.awt.Window.setVisible(Z)V+2
j  com.kazak.comeet.admin.gui.main.LoginWindow.<init>()V+12
j  com.kazak.comeet.admin.Run.main([Ljava/lang/String;)V+39
v  ~StubRoutines::call_stub

---------------  P R O C E S S  ---------------

Java Threads: ( => current thread )
  0x00002aaaf324ec00 JavaThread "AWT-EventQueue-0" [_thread_blocked, id=10453]
  0x00002aaaf3505c00 JavaThread "AWT-Shutdown" [_thread_blocked, id=10452]
  0x00002aaaf341a400 JavaThread "Image Fetcher 0" daemon [_thread_blocked, id=10451]
  0x00002aaaf342ec00 JavaThread "cleanerThread" daemon [_thread_blocked, id=10450]
  0x00002aaaf3434000 JavaThread "AWT-Motif" daemon [_thread_blocked, id=10449]
  0x00002aaaf40c3400 JavaThread "Java2D Disposer" daemon [_thread_blocked, id=10447]
  0x00002aaaf12b5400 JavaThread "Low Memory Detector" daemon [_thread_blocked, id=10444]
  0x00002aaaf12b2c00 JavaThread "CompilerThread1" daemon [_thread_in_native, id=10443]
  0x00002aaaf12b1000 JavaThread "CompilerThread0" daemon [_thread_in_native, id=10442]
  0x00002aaaf12af800 JavaThread "Signal Dispatcher" daemon [_thread_blocked, id=10441]
  0x00002aaaf128c000 JavaThread "Finalizer" daemon [_thread_blocked, id=10440]
  0x00002aaaf128b000 JavaThread "Reference Handler" daemon [_thread_blocked, id=10439]
=>0x0000000040112c00 JavaThread "main" [_thread_in_native, id=10431]

Other Threads:
  0x00002aaaf1286800 VMThread [id=10438]
  0x00002aaaf12b7400 WatcherThread [id=10445]

VM state:not at safepoint (normal execution)

VM Mutex/Monitor currently owned by a thread: None

Heap
 PSYoungGen      total 18176K, used 12123K [0x00002aaadc7a0000, 0x00002aaadeb20000, 0x00002aaaf0c40000)
  eden space 15616K, 61% used [0x00002aaadc7a0000,0x00002aaadd0f96e8,0x00002aaadd6e0000)
  from space 2560K, 99% used [0x00002aaadd6e0000,0x00002aaadd95d708,0x00002aaadd960000)
  to   space 2560K, 0% used [0x00002aaade8a0000,0x00002aaade8a0000,0x00002aaadeb20000)
 PSOldGen        total 41536K, used 673K [0x00002aaab3e40000, 0x00002aaab66d0000, 0x00002aaadc7a0000)
  object space 41536K, 1% used [0x00002aaab3e40000,0x00002aaab3ee8460,0x00002aaab66d0000)
 PSPermGen       total 21248K, used 14095K [0x00002aaaaea40000, 0x00002aaaaff00000, 0x00002aaab3e40000)
  object space 21248K, 66% used [0x00002aaaaea40000,0x00002aaaaf803c08,0x00002aaaaff00000)

Dynamic libraries:
40000000-40009000 r-xp 00000000 08:04 3467362                            /usr/lib/jvm/java-6-sun-1.6.0.03/jre/bin/java
40108000-4010a000 rwxp 00008000 08:04 3467362                            /usr/lib/jvm/java-6-sun-1.6.0.03/jre/bin/java
4010a000-4012b000 rwxp 4010a000 00:00 0                                  [heap]
4012b000-4012e000 ---p 4012b000 00:00 0 
4012e000-4022c000 rwxp 4012e000 00:00 0 
4022c000-4022d000 ---p 4022c000 00:00 0 
4022d000-4032d000 rwxp 4022d000 00:00 0 
4032d000-4032e000 ---p 4032d000 00:00 0 
4032e000-4042e000 rwxp 4032e000 00:00 0 
4042e000-4042f000 ---p 4042e000 00:00 0 
4042f000-4052f000 rwxp 4042f000 00:00 0 
4052f000-40532000 ---p 4052f000 00:00 0 
40532000-40630000 rwxp 40532000 00:00 0 
40630000-40633000 ---p 40630000 00:00 0 
40633000-40731000 rwxp 40633000 00:00 0 
40731000-40734000 ---p 40731000 00:00 0 
40734000-40832000 rwxp 40734000 00:00 0 
40832000-40835000 ---p 40832000 00:00 0 
40835000-40933000 rwxp 40835000 00:00 0 
40933000-40936000 ---p 40933000 00:00 0 
40936000-40a34000 rwxp 40936000 00:00 0 
40a34000-40a37000 ---p 40a34000 00:00 0 
40a37000-40b35000 rwxp 40a37000 00:00 0 
40b35000-40b36000 ---p 40b35000 00:00 0 
40b36000-40c36000 rwxp 40b36000 00:00 0 
40c36000-40c39000 ---p 40c36000 00:00 0 
40c39000-40d37000 rwxp 40c39000 00:00 0 
40d37000-40d3a000 ---p 40d37000 00:00 0 
40d3a000-40e38000 rwxp 40d3a000 00:00 0 
40e38000-40e3b000 ---p 40e38000 00:00 0 
40e3b000-40f39000 rwxp 40e3b000 00:00 0 
40f39000-40f3c000 ---p 40f39000 00:00 0 
40f3c000-4103a000 rwxp 40f3c000 00:00 0 
4103a000-4103d000 ---p 4103a000 00:00 0 
4103d000-4113b000 rwxp 4103d000 00:00 0 
4113b000-4113e000 ---p 4113b000 00:00 0 
4113e000-4123c000 rwxp 4113e000 00:00 0 
2aaaaaaab000-2aaaaaaad000 r-xs 00023000 08:06 43355                      /home/emaku/comeet/comeet/CoMeet-Admin/dist/libs/jdom.jar
2aaaaaaad000-2aaaaaab0000 r-xs 0001c000 08:06 43360                      /home/emaku/comeet/comeet/CoMeet-Admin/dist/libs/jcalendar.jar
2aaaaaab0000-2aaaaaabb000 r-xs 000d0000 08:06 43357                      /home/emaku/comeet/comeet/CoMeet-Admin/dist/libs/synthetica.jar
2aaaaaabb000-2aaaaaac0000 r-xs 0007e000 08:06 43352                      /home/emaku/comeet/comeet/CoMeet-Admin/dist/libs/syntheticaBlueIce.jar
2aaaaaac5000-2aaaaaacd000 r-xp 00000000 08:04 2813145                    /lib/librt-2.6.1.so
2aaaaaacd000-2aaaaaccc000 ---p 00008000 08:04 2813145                    /lib/librt-2.6.1.so
2aaaaaccc000-2aaaaacce000 rwxp 00007000 08:04 2813145                    /lib/librt-2.6.1.so
2aaaaacce000-2aaaaaccf000 r-xp 2aaaaacce000 00:00 0 
2aaaaaccf000-2aaaaacd0000 rwxp 2aaaaaccf000 00:00 0 
2aaaaacd0000-2aaaaacd7000 r-xp 00000000 08:04 3467395                    /usr/lib/jvm/java-6-sun-1.6.0.03/jre/lib/amd64/native_threads/libhpi.so
2aaaaacd7000-2aaaaadd8000 ---p 00007000 08:04 3467395                    /usr/lib/jvm/java-6-sun-1.6.0.03/jre/lib/amd64/native_threads/libhpi.so
2aaaaadd8000-2aaaaadda000 rwxp 00008000 08:04 3467395                    /usr/lib/jvm/java-6-sun-1.6.0.03/jre/lib/amd64/native_threads/libhpi.so
2aaaaadda000-2aaaaaddb000 rwxp 2aaaaadda000 00:00 0 
2aaaaaddb000-2aaaaade3000 rwxs 00000000 08:04 332559                     /tmp/hsperfdata_xtingray/10430
2aaaaadf3000-2aaaaae09000 r-xp 00000000 08:04 2813135                    /lib/libnsl-2.6.1.so
2aaaaae09000-2aaaab008000 ---p 00016000 08:04 2813135                    /lib/libnsl-2.6.1.so
2aaaab008000-2aaaab00a000 rwxp 00015000 08:04 2813135                    /lib/libnsl-2.6.1.so
2aaaab00a000-2aaaab00c000 rwxp 2aaaab00a000 00:00 0 
2aaaab00c000-2aaaab014000 r-xp 00000000 08:04 2813136                    /lib/libnss_compat-2.6.1.so
2aaaab014000-2aaaab213000 ---p 00008000 08:04 2813136                    /lib/libnss_compat-2.6.1.so
2aaaab213000-2aaaab215000 rwxp 00007000 08:04 2813136                    /lib/libnss_compat-2.6.1.so
2aaaab215000-2aaaab21f000 r-xp 00000000 08:04 2813140                    /lib/libnss_nis-2.6.1.so
2aaaab21f000-2aaaab41e000 ---p 0000a000 08:04 2813140                    /lib/libnss_nis-2.6.1.so
2aaaab41e000-2aaaab420000 rwxp 00009000 08:04 2813140                    /lib/libnss_nis-2.6.1.so
2aaaab420000-2aaaab42a000 r-xp 00000000 08:04 2813138                    /lib/libnss_files-2.6.1.so
2aaaab42a000-2aaaab629000 ---p 0000a000 08:04 2813138                    /lib/libnss_files-2.6.1.so
2aaaab629000-2aaaab62b000 rwxp 00009000 08:04 2813138                    /lib/libnss_files-2.6.1.so
2aaaab62b000-2aaaab638000 r-xp 00000000 08:04 3467388                    /usr/lib/jvm/java-6-sun-1.6.0.03/jre/lib/amd64/libverify.so
2aaaab638000-2aaaab737000 ---p 0000d000 08:04 3467388                    /usr/lib/jvm/java-6-sun-1.6.0.03/jre/lib/amd64/libverify.so
2aaaab737000-2aaaab73a000 rwxp 0000c000 08:04 3467388                    /usr/lib/jvm/java-6-sun-1.6.0.03/jre/lib/amd64/libverify.so
2aaaab73a000-2aaaab762000 r-xp 00000000 08:04 3467406                    /usr/lib/jvm/java-6-sun-1.6.0.03/jre/lib/amd64/libjava.so
2aaaab762000-2aaaab862000 ---p 00028000 08:04 3467406                    /usr/lib/jvm/java-6-sun-1.6.0.03/jre/lib/amd64/libjava.so
2aaaab862000-2aaaab869000 rwxp 00028000 08:04 3467406                    /usr/lib/jvm/java-6-sun-1.6.0.03/jre/lib/amd64/libjava.so
2aaaab869000-2aaaab877000 r-xp 00000000 08:04 3467393                    /usr/lib/jvm/java-6-sun-1.6.0.03/jre/lib/amd64/libzip.so
2aaaab877000-2aaaab979000 ---p 0000e000 08:04 3467393                    /usr/lib/jvm/java-6-sun-1.6.0.03/jre/lib/amd64/libzip.so
2aaaab979000-2aaaab97c000 rwxp 00010000 08:04 3467393                    /usr/lib/jvm/java-6-sun-1.6.0.03/jre/lib/amd64/libzip.so
2aaaab97c000-2aaaabbed000 rwxp 2aaaab97c000 00:00 0 
2aaaabbed000-2aaaae97d000 rwxp 2aaaabbed000 00:00 0 
2aaaae97d000-2aaaae987000 rwxp 2aaaae97d000 00:00 0 
2aaaae987000-2aaaaea3d000 rwxp 2aaaae987000 00:00 0 
2aaaaea40000-2aaaaff00000 rwxp 2aaaaea40000 00:00 0 
2aaaaff00000-2aaab3e40000 rwxp 2aaaaff00000 00:00 0 
2aaab3e40000-2aaab66d0000 rwxp 2aaab3e40000 00:00 0 
2aaab66d0000-2aaadc7a0000 rwxp 2aaab66d0000 00:00 0 
2aaadc7a0000-2aaadeb20000 rwxp 2aaadc7a0000 00:00 0 
2aaadeb20000-2aaaf0c40000 rwxp 2aaadeb20000 00:00 0 
2aaaf0c40000-2aaaf0c4b000 rwxp 2aaaf0c40000 00:00 0 
2aaaf0c4b000-2aaaf0c6a000 rwxp 2aaaf0c4b000 00:00 0 
2aaaf0c6a000-2aaaf0c7f000 rwxp 2aaaf0c6a000 00:00 0 
2aaaf0c7f000-2aaaf0dae000 rwxp 2aaaf0c7f000 00:00 0 
2aaaf0dae000-2aaaf0dc1000 rwxp 2aaaf0dae000 00:00 0 
2aaaf0dc1000-2aaaf0e51000 rwxp 2aaaf0dc1000 00:00 0 
2aaaf0e51000-2aaaf0e67000 rwxp 2aaaf0e51000 00:00 0 
2aaaf0e67000-2aaaf0f97000 rwxp 2aaaf0e67000 00:00 0 
2aaaf0f97000-2aaaf0fa2000 rwxp 2aaaf0f97000 00:00 0 
2aaaf0fa2000-2aaaf0fc1000 rwxp 2aaaf0fa2000 00:00 0 
2aaaf0fc1000-2aaaf10e9000 rwxp 2aaaf0fc1000 00:00 0 
2aaaf10e9000-2aaaf1265000 r-xs 02c8f000 08:04 3467446                    /usr/lib/jvm/java-6-sun-1.6.0.03/jre/lib/rt.jar
2aaaf1265000-2aaaf1386000 rwxp 2aaaf1265000 00:00 0 
2aaaf1386000-2aaaf13c5000 r-xp 00000000 08:04 2928130                    /usr/lib/locale/es_CO.utf8/LC_CTYPE
2aaaf13c5000-2aaaf13cc000 r-xs 00000000 08:04 2878475                    /usr/lib/gconv/gconv-modules.cache
2aaaf13cc000-2aaaf14cc000 rwxp 2aaaf13cc000 00:00 0 
2aaaf14cc000-2aaaf14d9000 r-xs 000cd000 08:06 43353                      /home/emaku/comeet/comeet/CoMeet-Admin/dist/libs/poi.jar
2aaaf14d9000-2aaaf14df000 r-xs 0004f000 08:06 43359                      /home/emaku/comeet/comeet/CoMeet-Admin/dist/libs/mail.jar
2aaaf14df000-2aaaf14e1000 r-xs 0000c000 08:06 43358                      /home/emaku/comeet/comeet/CoMeet-Admin/dist/libs/activation.jar
2aaaf14e1000-2aaaf14eb000 r-xs 00073000 08:06 43354                      /home/emaku/comeet/comeet/CoMeet-Admin/dist/libs/samskivert.jar
2aaaf14eb000-2aaaf14ed000 r-xs 00003000 08:06 44580                      /home/emaku/comeet/comeet/CoMeet-Admin/dist/libs/icons.jar
2aaaf14ed000-2aaaf14ef000 r-xs 00023000 08:06 42582                      /home/emaku/comeet/comeet/CoMeet-Lib/dist/libs/jdom.jar
2aaaf14ef000-2aaaf1579000 r-xp 00000000 08:04 3467421                    /usr/lib/jvm/java-6-sun-1.6.0.03/jre/lib/amd64/libawt.so
2aaaf1579000-2aaaf1678000 ---p 0008a000 08:04 3467421                    /usr/lib/jvm/java-6-sun-1.6.0.03/jre/lib/amd64/libawt.so
2aaaf1678000-2aaaf1691000 rwxp 00089000 08:04 3467421                    /usr/lib/jvm/java-6-sun-1.6.0.03/jre/lib/amd64/libawt.so
2aaaf1691000-2aaaf16b5000 rwxp 2aaaf1691000 00:00 0 
2aaaf16b5000-2aaaf175e000 r-xp 00000000 08:04 3467400                    /usr/lib/jvm/java-6-sun-1.6.0.03/jre/lib/amd64/libmlib_image.so
2aaaf175e000-2aaaf185d000 ---p 000a9000 08:04 3467400                    /usr/lib/jvm/java-6-sun-1.6.0.03/jre/lib/amd64/libmlib_image.so
2aaaf185d000-2aaaf1864000 rwxp 000a8000 08:04 3467400                    /usr/lib/jvm/java-6-sun-1.6.0.03/jre/lib/amd64/libmlib_image.so
2aaaf1864000-2aaaf1ac7000 r-xp 00000000 08:04 3467402                    /usr/lib/jvm/java-6-sun-1.6.0.03/jre/lib/amd64/motif21/libmawt.so
2aaaf1ac7000-2aaaf1bc6000 ---p 00263000 08:04 3467402                    /usr/lib/jvm/java-6-sun-1.6.0.03/jre/lib/amd64/motif21/libmawt.so
2aaaf1bc6000-2aaaf1c1a000 rwxp 00262000 08:04 3467402                    /usr/lib/jvm/java-6-sun-1.6.0.03/jre/lib/amd64/motif21/libmawt.so
2aaaf1c1a000-2aaaf1c1c000 rwxp 2aaaf1c1a000 00:00 0 
2aaaf1c34000-2aaaf1c3c000 r-xp 00000000 08:04 2863284                    /usr/lib/libXp.so.6.2.0
2aaaf1c3c000-2aaaf1e3c000 ---p 00008000 08:04 2863284                    /usr/lib/libXp.so.6.2.0
2aaaf1e3c000-2aaaf1e3d000 rwxp 00008000 08:04 2863284                    /usr/lib/libXp.so.6.2.0
2aaaf1e3d000-2aaaf1e42000 r-xp 00000000 08:04 2863296                    /usr/lib/libXtst.so.6.1.0
2aaaf1e42000-2aaaf2042000 ---p 00005000 08:04 2863296                    /usr/lib/libXtst.so.6.1.0
2aaaf2042000-2aaaf2043000 rwxp 00005000 08:04 2863296                    /usr/lib/libXtst.so.6.1.0
2aaaf2043000-2aaaf2054000 r-xp 00000000 08:04 2863268                    /usr/lib/libXext.so.6.4.0
2aaaf2054000-2aaaf2253000 ---p 00011000 08:04 2863268                    /usr/lib/libXext.so.6.4.0
2aaaf2253000-2aaaf2254000 rwxp 00010000 08:04 2863268                    /usr/lib/libXext.so.6.4.0
2aaaf2254000-2aaaf22b1000 r-xp 00000000 08:04 2863294                    /usr/lib/libXt.so.6.0.0
2aaaf22b1000-2aaaf24b1000 ---p 0005d000 08:04 2863294                    /usr/lib/libXt.so.6.0.0
2aaaf24b1000-2aaaf24b7000 rwxp 0005d000 08:04 2863294                    /usr/lib/libXt.so.6.0.0
2aaaf24b7000-2aaaf24b8000 rwxp 2aaaf24b7000 00:00 0 
2aaaf24b8000-2aaaf25c2000 r-xp 00000000 08:04 2863247                    /usr/lib/libX11.so.6.2.0
2aaaf25c2000-2aaaf27c2000 ---p 0010a000 08:04 2863247                    /usr/lib/libX11.so.6.2.0
2aaaf27c2000-2aaaf27c9000 rwxp 0010a000 08:04 2863247                    /usr/lib/libX11.so.6.2.0
2aaaf27c9000-2aaaf27d1000 r-xp 00000000 08:04 2863276                    /usr/lib/libXi.so.6.0.0
2aaaf27d1000-2aaaf29d1000 ---p 00008000 08:04 2863276                    /usr/lib/libXi.so.6.0.0
2aaaf29d1000-2aaaf29d2000 rwxp 00008000 08:04 2863276                    /usr/lib/libXi.so.6.0.0
2aaaf29d2000-2aaaf29d4000 r-xp 00000000 08:04 2863253                    /usr/lib/libXau.so.6.0.0
2aaaf29d4000-2aaaf2bd3000 ---p 00002000 08:04 2863253                    /usr/lib/libXau.so.6.0.0
2aaaf2bd3000-2aaaf2bd4000 rwxp 00001000 08:04 2863253                    /usr/lib/libXau.so.6.0.0
2aaaf2bd4000-2aaaf2bdc000 r-xp 00000000 08:04 2863243                    /usr/lib/libSM.so.6.0.0
2aaaf2bdc000-2aaaf2ddb000 ---p 00008000 08:04 2863243                    /usr/lib/libSM.so.6.0.0
2aaaf2ddb000-2aaaf2ddc000 rwxp 00007000 08:04 2863243                    /usr/lib/libSM.so.6.0.0
2aaaf2ddc000-2aaaf2df3000 r-xp 00000000 08:04 2863225                    /usr/lib/libICE.so.6.3.0
2aaaf2df3000-2aaaf2ff3000 ---p 00017000 08:04 2863225                    /usr/lib/libICE.so.6.3.0
2aaaf2ff3000-2aaaf2ff4000 rwxp 00017000 08:04 2863225                    /usr/lib/libICE.so.6.3.0
2aaaf2ff4000-2aaaf2ff8000 rwxp 2aaaf2ff4000 00:00 0 
2aaaf2ff8000-2aaaf2ffd000 r-xp 00000000 08:04 2863264                    /usr/lib/libXdmcp.so.6.0.0
2aaaf2ffd000-2aaaf31fc000 ---p 00005000 08:04 2863264                    /usr/lib/libXdmcp.so.6.0.0
2aaaf31fc000-2aaaf31fd000 rwxp 00004000 08:04 2863264                    /usr/lib/libXdmcp.so.6.0.0
2aaaf31fd000-2aaaf37fd000 rwxp 2aaaf31fd000 00:00 0 
2aaaf37fd000-2aaaf387b000 r-xp 00000000 08:04 3467391                    /usr/lib/jvm/java-6-sun-1.6.0.03/jre/lib/amd64/libfontmanager.so
2aaaf387b000-2aaaf397a000 ---p 0007e000 08:04 3467391                    /usr/lib/jvm/java-6-sun-1.6.0.03/jre/lib/amd64/libfontmanager.so
2aaaf397a000-2aaaf3990000 rwxp 0007d000 08:04 3467391                    /usr/lib/jvm/java-6-sun-1.6.0.03/jre/lib/amd64/libfontmanager.so
2aaaf3990000-2aaaf39a1000 rwxp 2aaaf3990000 00:00 0 
2aaaf39b9000-2aaaf39c3000 r-xp 00000000 08:04 2863260                    /usr/lib/libXcursor.so.1.0.2
2aaaf39c3000-2aaaf3bc2000 ---p 0000a000 08:04 2863260                    /usr/lib/libXcursor.so.1.0.2
2aaaf3bc2000-2aaaf3bc3000 rwxp 00009000 08:04 2863260                    /usr/lib/libXcursor.so.1.0.2
2aaaf3bc3000-2aaaf3bcc000 r-xp 00000000 08:04 2863290                    /usr/lib/libXrender.so.1.3.0
2aaaf3bcc000-2aaaf3dcb000 ---p 00009000 08:04 2863290                    /usr/lib/libXrender.so.1.3.0
2aaaf3dcb000-2aaaf3dcc000 rwxp 00008000 08:04 2863290                    /usr/lib/libXrender.so.1.3.0
2aaaf3dcc000-2aaaf3df6000 r-xs 00000000 08:04 3090630                    /usr/share/fonts/type1/gsfonts/p052023l.pfb
2aaaf3df6000-2aaaf3e16000 r-xs 00000000 08:04 3090558                    /usr/share/fonts/type1/gsfonts/b018035l.pfb
2aaaf3e16000-2aaaf3e41000 r-xs 00000000 08:04 3090627                    /usr/share/fonts/type1/gsfonts/p052004l.pfb
2aaaf3e55000-2aaaf3ee5000 r-xs 00000000 08:04 3225864                    /var/cache/fontconfig/58e4d07e4f2af1648e5a91450aa7f4de-x86-64.cache-2
2aaaf3ee5000-2aaaf3ef6000 r-xs 00000000 08:04 3226079                    /var/cache/fontconfig/7ef2298fde41cc6eeb7af42e48b7d293-x86-64.cache-2
2aaaf3ef6000-2aaaf3efd000 r-xs 00000000 08:04 3226246                    /var/cache/fontconfig/6330322105e0c4105d7c7a6ea2974107-x86-64.cache-2
2aaaf3efd000-2aaaf3f02000 r-xs 00000000 08:04 3226312                    /var/cache/fontconfig/b3fedf7c409f006ca1a6fceffceb77cf-x86-64.cache-2
2aaaf3f02000-2aaaf3f08000 r-xs 00000000 08:04 3226313                    /var/cache/fontconfig/9404ff413c67fc2a1526fd14eb4163a8-x86-64.cache-2
2aaaf3f08000-2aaaf3f0d000 r-xs 00000000 08:04 3226314                    /var/cache/fontconfig/a960c40fc9306f090224a04585f8a963-x86-64.cache-2
2aaaf3f0d000-2aaaf3f0e000 r-xs 00000000 08:04 3226315                    /var/cache/fontconfig/92a571655fb1c0ec1c4d6f496220600a-x86-64.cache-2
2aaaf3f0e000-2aaaf3f16000 r-xs 00000000 08:04 3226316                    /var/cache/fontconfig/102e5142c2e9e50c5e8ece26694a2dad-x86-64.cache-2
2aaaf3f16000-2aaaf3f1c000 r-xs 00000000 08:04 3226317                    /var/cache/fontconfig/142ecfc435bad6f1fbc2648c1119d5eb-x86-64.cache-2
2aaaf3f1c000-2aaaf3f1d000 r-xs 00000000 08:04 3226318                    /var/cache/fontconfig/4123634e9c08547d899d0aaff05ebe69-x86-64.cache-2
2aaaf3f1d000-2aaaf3f1e000 r-xs 00000000 08:04 3226319                    /var/cache/fontconfig/892f88ea27b235637f494d515247eddd-x86-64.cache-2
2aaaf3f1e000-2aaaf3f1f000 r-xs 00000000 08:04 3226320                    /var/cache/fontconfig/e0f9e95429e756d56293ed4d63866094-x86-64.cache-2
2aaaf3f1f000-2aaaf3f22000 r-xs 00000000 08:04 3226321                    /var/cache/fontconfig/61c830dfac3fd78a12654da5e9ba3f56-x86-64.cache-2
2aaaf3f22000-2aaaf3f29000 r-xs 00000000 08:04 3226075                    /var/cache/fontconfig/7b4a97c10f6c0166998ddfa1cf7392fb-x86-64.cache-2
2aaaf3f29000-2aaaf3f2f000 r-xs 00000000 08:04 3226323                    /var/cache/fontconfig/0f32d3adc6a232110812e17374eaa446-x86-64.cache-2
2aaaf3f2f000-2aaaf3f36000 r-xs 00000000 08:04 3226324                    /var/cache/fontconfig/8ab5f685cd6d8ba67c37c908faf08172-x86-64.cache-2
2aaaf3f36000-2aaaf3f37000 r-xs 00000000 08:04 3226325                    /var/cache/fontconfig/a1131b7be650f9abae4907495aa5815d-x86-64.cache-2
2aaaf3f37000-2aaaf3f39000 r-xs 00000000 08:04 3226326                    /var/cache/fontconfig/118d8d5311348bbdf5fe3b106d7c13d4-x86-64.cache-2
2aaaf3f39000-2aaaf3f3a000 r-xs 00000000 08:04 3226327                    /var/cache/fontconfig/f5a93ac943883aa0fd9a7bfe0f6ec3c1-x86-64.cache-2
2aaaf3f3a000-2aaaf3f3c000 r-xs 00000000 08:04 3226328                    /var/cache/fontconfig/059138ec877db160474b4d5de1248d14-x86-64.cache-2
2aaaf3f3c000-2aaaf3f45000 r-xs 00000000 08:04 3226329                    /var/cache/fontconfig/fd9416c4b92f07c6f59a3a8cf496e9dc-x86-64.cache-2
2aaaf3f45000-2aaaf3f49000 r-xs 00000000 08:04 3226330                    /var/cache/fontconfig/b21a91cee725896328b8cee8091cf747-x86-64.cache-2
2aaaf3f49000-2aaaf3f4c000 r-xs 00000000 08:04 3226331                    /var/cache/fontconfig/b8613a33de00eecd32d5a94c3c617829-x86-64.cache-2
2aaaf3f4c000-2aaaf3f4d000 r-xs 00000000 08:04 3226332                    /var/cache/fontconfig/bf1f9632594a1fa28e2cf4d7888deffe-x86-64.cache-2
2aaaf3f4d000-2aaaf3f4e000 r-xs 00000000 08:04 3226333                    /var/cache/fontconfig/e9e44584608a73233979f764b5f9dd81-x86-64.cache-2
2aaaf3f4e000-2aaaf3f4f000 r-xs 00000000 08:04 3226334                    /var/cache/fontconfig/fcff1cd55d48a2c86a175e9943c3506d-x86-64.cache-2
2aaaf3f4f000-2aaaf3f51000 r-xs 00000000 08:04 3226204                    /var/cache/fontconfig/e13b20fdb08344e0e664864cc2ede53d-x86-64.cache-2
2aaaf3f51000-2aaaf3f55000 r-xs 00000000 08:04 3226271                    /var/cache/fontconfig/089dead882dea3570ffc31a9898cfb69-x86-64.cache-2
2aaaf3f55000-2aaaf3f5c000 r-xs 00000000 08:04 3226296                    /var/cache/fontconfig/d52a8644073d54c13679302ca1180695-x86-64.cache-2
2aaaf3f5c000-2aaaf3f5f000 r-xs 00000000 08:04 3226297                    /var/cache/fontconfig/de9486f0b47a4d768a594cb4198cb1c6-x86-64.cache-2
2aaaf3f5f000-2aaaf3f7e000 r-xs 00000000 08:04 3226298                    /var/cache/fontconfig/365b55f210c0a22e9a19e35191240f32-x86-64.cache-2
2aaaf3f7e000-2aaaf3f7f000 r-xs 00000000 08:04 3226299                    /var/cache/fontconfig/4794a0821666d79190d59a36cb4f44b5-x86-64.cache-2
2aaaf3f7f000-2aaaf3f87000 r-xs 00000000 08:04 3226300                    /var/cache/fontconfig/0f34bcd4b6ee430af32735b75db7f02b-x86-64.cache-2
2aaaf3f87000-2aaaf3f92000 r-xs 00000000 08:04 3226301                    /var/cache/fontconfig/e3de0de479f42330eadf588a55fb5bf4-x86-64.cache-2
2aaaf3f92000-2aaaf3f95000 r-xs 00000000 08:04 3226302                    /var/cache/fontconfig/de156ccd2eddbdc19d37a45b8b2aac9c-x86-64.cache-2
2aaaf3f95000-2aaaf3f98000 r-xs 00000000 08:04 3226303                    /var/cache/fontconfig/6d41288fd70b0be22e8c3a91e032eec0-x86-64.cache-2
2aaaf3f98000-2aaaf3f9a000 r-xs 00000000 08:04 3226304                    /var/cache/fontconfig/75a2cd575a62c63e802c11411fb87c37-x86-64.cache-2
2aaaf3f9a000-2aaaf3f9e000 r-xs 00000000 08:04 3226305                    /var/cache/fontconfig/a755afe4a08bf5b97852ceb7400b47bc-x86-64.cache-2
2aaaf3f9e000-2aaaf3f9f000 r-xs 00000000 08:04 3226306                    /var/cache/fontconfig/4c73fe0c47614734b17d736dbde7580a-x86-64.cache-2
2aaaf3f9f000-2aaaf3fa3000 r-xs 00000000 08:04 3226083                    /var/cache/fontconfig/926e794c3d5e5dffcaf2fa83ef8d36c2-x86-64.cache-2
2aaaf3fa3000-2aaaf3fa4000 r-xs 00000000 08:04 3226307                    /var/cache/fontconfig/c69f04ab05004e31a6d5e715764f16d8-x86-64.cache-2
2aaaf3fa4000-2aaaf3fa9000 r-xs 00000000 08:04 3226308                    /var/cache/fontconfig/921a30a17f0be15c70ac14043cb7a739-x86-64.cache-2
2aaaf3fa9000-2aaaf3fac000 r-xs 00000000 08:04 3226309                    /var/cache/fontconfig/e383d7ea5fbe662a33d9b44caf393297-x86-64.cache-2
2aaaf3fac000-2aaaf3fb4000 r-xs 00000000 08:04 3226244                    /var/cache/fontconfig/945677eb7aeaf62f1d50efc3fb3ec7d8-x86-64.cache-2
2aaaf3fb4000-2aaaf3fe0000 r-xs 00000000 08:04 3090624                    /usr/share/fonts/type1/gsfonts/p052003l.pfb
2aaaf3fe0000-2aaaf3ff6000 r-xs 00000000 08:04 3090540                    /usr/share/fonts/type1/gsfonts/a010015l.pfb
2aaaf4000000-2aaaf4ad8000 rwxp 2aaaf4000000 00:00 0 
2aaaf4ad8000-2aaaf8000000 ---p 2aaaf4ad8000 00:00 0 
2aaaf8000000-2aaaf8005000 r-xp 00000000 08:04 2863270                    /usr/lib/libXfixes.so.3.1.0
2aaaf8005000-2aaaf8204000 ---p 00005000 08:04 2863270                    /usr/lib/libXfixes.so.3.1.0
2aaaf8204000-2aaaf8205000 rwxp 00004000 08:04 2863270                    /usr/lib/libXfixes.so.3.1.0
2aaaf8205000-2aaaf8218000 r-xp 00000000 08:04 3467383                    /usr/lib/jvm/java-6-sun-1.6.0.03/jre/lib/amd64/libnet.so
2aaaf8218000-2aaaf8319000 ---p 00013000 08:04 3467383                    /usr/lib/jvm/java-6-sun-1.6.0.03/jre/lib/amd64/libnet.so
2aaaf8319000-2aaaf831c000 rwxp 00014000 08:04 3467383                    /usr/lib/jvm/java-6-sun-1.6.0.03/jre/lib/amd64/libnet.so
2aaaf831c000-2aaaf8323000 r-xp 00000000 08:04 3467384                    /usr/lib/jvm/java-6-sun-1.6.0.03/jre/lib/amd64/libnio.so
2aaaf8323000-2aaaf8422000 ---p 00007000 08:04 3467384                    /usr/lib/jvm/java-6-sun-1.6.0.03/jre/lib/amd64/libnio.so
2aaaf8422000-2aaaf8424000 rwxp 00006000 08:04 3467384                    /usr/lib/jvm/java-6-sun-1.6.0.03/jre/lib/amd64/libnio.so
2aaaf8424000-2aaaf843c000 r-xs 00000000 08:04 3090588                    /usr/share/fonts/type1/gsfonts/n019043l.pfb
2aaaf843c000-2aaaf8456000 r-xs 00000000 08:04 3090582                    /usr/share/fonts/type1/gsfonts/n019023l.pfb
2aaaf8456000-2aaaf846e000 r-xs 00000000 08:04 3090579                    /usr/share/fonts/type1/gsfonts/n019004l.pfb
2aaaf846e000-2aaaf848c000 r-xs 00000000 08:04 3090552                    /usr/share/fonts/type1/gsfonts/b018015l.pfb
2aaaf848c000-2aaaf84a3000 r-xs 00000000 08:04 3090537                    /usr/share/fonts/type1/gsfonts/a010013l.pfb
2aaaf84b7000-2aaaf84da000 r-xs 00000000 08:04 3090600                    /usr/share/fonts/type1/gsfonts/n021003l.pfb
2aaaf84da000-2aaaf84f2000 r-xs 00000000 08:04 3090594                    /usr/share/fonts/type1/gsfonts/n019063l.pfb
2aaaf84f2000-2aaaf8509000 r-xs 00000000 08:04 3090591                    /usr/share/fonts/type1/gsfonts/n019044l.pfb
2aaaf852b000-2aaaf854f000 r-xs 00000000 08:04 3090606                    /usr/share/fonts/type1/gsfonts/n021023l.pfb
2aaaf854f000-2aaaf8568000 r-xs 00000000 08:04 3090585                    /usr/share/fonts/type1/gsfonts/n019024l.pfb
2aaaf8568000-2aaaf8582000 r-xs 00000000 08:04 3090576                    /usr/share/fonts/type1/gsfonts/n019003l.pfb
2aaaf8582000-2aaaf859b000 r-xs 00000000 08:04 3090597                    /usr/share/fonts/type1/gsfonts/n019064l.pfb
2aaaf859b000-2aaaf85be000 r-xs 00000000 08:04 3090555                    /usr/share/fonts/type1/gsfonts/b018032l.pfb
2aaaf85be000-2aaaf85d5000 r-xs 00000000 08:04 3090543                    /usr/share/fonts/type1/gsfonts/a010033l.pfb
2aaaf85d5000-2aaaf8601000 r-xs 00000000 08:04 3090633                    /usr/share/fonts/type1/gsfonts/p052024l.pfb
2aaaf8601000-2aaaf860e000 r-xs 00000000 08:04 3090639                    /usr/share/fonts/type1/gsfonts/z003034l.pfb
2aaaf860e000-2aaaf8631000 r-xs 00000000 08:04 3090549                    /usr/share/fonts/type1/gsfonts/b018012l.pfb
2aaaf8631000-2aaaf8648000 r-xs 00000000 08:04 3090546                    /usr/share/fonts/type1/gsfonts/a010035l.pfb
2aaaf8648000-2aaaf8652000 r-xs 00000000 08:04 3061924                    /usr/share/fonts/X11/Type1/c0611bt_.pfb
2aaaf8652000-2aaaf865c000 r-xs 00000000 08:04 3061922                    /usr/share/fonts/X11/Type1/c0583bt_.pfb
2aaaf865c000-2aaaf8666000 r-xs 00000000 08:04 3061920                    /usr/share/fonts/X11/Type1/c0582bt_.pfb
2aaaf8666000-2aaaf866f000 r-xs 00000000 08:04 3061926                    /usr/share/fonts/X11/Type1/c0632bt_.pfb
2aaaf866f000-2aaaf8678000 r-xs 00000000 08:04 3061932                    /usr/share/fonts/X11/Type1/c0649bt_.pfb
2aaaf8678000-2aaaf8681000 r-xs 00000000 08:04 3061930                    /usr/share/fonts/X11/Type1/c0648bt_.pfb
2aaaf8681000-2aaaf868b000 r-xs 00000000 08:04 3061918                    /usr/share/fonts/X11/Type1/c0419bt_.pfb
2aaaf868b000-2aaaf8694000 r-xs 00000000 08:04 3061928                    /usr/share/fonts/X11/Type1/c0633bt_.pfb
2aaaf8694000-2aaaf86bb000 r-xs 00000000 08:04 3090564                    /usr/share/fonts/type1/gsfonts/c059016l.pfb
2aaaf86bb000-2aaaf86e0000 r-xs 00000000 08:04 3090561                    /usr/share/fonts/type1/gsfonts/c059013l.pfb
2aaaf86e0000-2aaaf8703000 r-xs 00000000 08:04 3090567                    /usr/share/fonts/type1/gsfonts/c059033l.pfb
2aaaf8703000-2aaaf870f000 r-xs 00000000 08:04 3090573                    /usr/share/fonts/type1/gsfonts/d050000l.pfb
2aaaf870f000-2aaaf8718000 r-xs 00000000 08:04 3090636                    /usr/share/fonts/type1/gsfonts/s050000l.pfb
2aaaf8718000-2aaaf873b000 r-xs 00000000 08:04 3090570                    /usr/share/fonts/type1/gsfonts/c059036l.pfb
2aaaf873b000-2aaaf893b000 rwxp 2aaaf873b000 00:00 0 
2aaafc000000-2aaafc021000 rwxp 2aaafc000000 00:00 0 
2aaafc021000-2aab00000000 ---p 2aaafc021000 00:00 0 
2b8d8114b000-2b8d81168000 r-xp 00000000 08:04 2812556                    /lib/ld-2.6.1.so
2b8d81168000-2b8d8116b000 rwxp 2b8d81168000 00:00 0 
2b8d81367000-2b8d81369000 rwxp 0001c000 08:04 2812556                    /lib/ld-2.6.1.so
2b8d81369000-2b8d8137f000 r-xp 00000000 08:04 2813143                    /lib/libpthread-2.6.1.so
2b8d8137f000-2b8d8157e000 ---p 00016000 08:04 2813143                    /lib/libpthread-2.6.1.so
2b8d8157e000-2b8d81580000 rwxp 00015000 08:04 2813143                    /lib/libpthread-2.6.1.so
2b8d81580000-2b8d81584000 rwxp 2b8d81580000 00:00 0 
2b8d81584000-2b8d8158b000 r-xp 00000000 08:04 3467379                    /usr/lib/jvm/java-6-sun-1.6.0.03/jre/lib/amd64/jli/libjli.so
2b8d8158b000-2b8d8168c000 ---p 00007000 08:04 3467379                    /usr/lib/jvm/java-6-sun-1.6.0.03/jre/lib/amd64/jli/libjli.so
2b8d8168c000-2b8d8168e000 rwxp 00008000 08:04 3467379                    /usr/lib/jvm/java-6-sun-1.6.0.03/jre/lib/amd64/jli/libjli.so
2b8d8168e000-2b8d81690000 r-xp 00000000 08:04 2813059                    /lib/libdl-2.6.1.so
2b8d81690000-2b8d81890000 ---p 00002000 08:04 2813059                    /lib/libdl-2.6.1.so
2b8d81890000-2b8d81892000 rwxp 00002000 08:04 2813059                    /lib/libdl-2.6.1.so
2b8d81892000-2b8d81893000 rwxp 2b8d81892000 00:00 0 
2b8d81893000-2b8d819e5000 r-xp 00000000 08:04 2813056                    /lib/libc-2.6.1.so
2b8d819e5000-2b8d81be4000 ---p 00152000 08:04 2813056                    /lib/libc-2.6.1.so
2b8d81be4000-2b8d81be7000 r-xp 00151000 08:04 2813056                    /lib/libc-2.6.1.so
2b8d81be7000-2b8d81be9000 rwxp 00154000 08:04 2813056                    /lib/libc-2.6.1.so
2b8d81be9000-2b8d81bef000 rwxp 2b8d81be9000 00:00 0 
2b8d81bef000-2b8d82296000 r-xp 00000000 08:04 3467412                    /usr/lib/jvm/java-6-sun-1.6.0.03/jre/lib/amd64/server/libjvm.so
2b8d82296000-2b8d82397000 ---p 006a7000 08:04 3467412                    /usr/lib/jvm/java-6-sun-1.6.0.03/jre/lib/amd64/server/libjvm.so
2b8d82397000-2b8d824cf000 rwxp 006a8000 08:04 3467412                    /usr/lib/jvm/java-6-sun-1.6.0.03/jre/lib/amd64/server/libjvm.so
2b8d824cf000-2b8d8250a000 rwxp 2b8d824cf000 00:00 0 
2b8d82522000-2b8d825a2000 r-xp 00000000 08:04 2813133                    /lib/libm-2.6.1.so
2b8d825a2000-2b8d827a1000 ---p 00080000 08:04 2813133                    /lib/libm-2.6.1.so
2b8d827a1000-2b8d827a3000 rwxp 0007f000 08:04 2813133                    /lib/libm-2.6.1.so
7fff2994a000-7fff2995f000 rwxp 7fff2994a000 00:00 0                      [stack]
ffffffffff600000-ffffffffff601000 r-xp 00000000 00:00 0                  [vdso]

VM Arguments:
java_command: com.kazak.comeet.admin.Run
Launcher Type: SUN_STANDARD

Environment Variables:
JAVA_HOME=/usr/lib/jvm/java-6-sun
PATH=/home/xtingray/bin:/usr/local/sbin:/usr/local/bin:/usr/sbin:/usr/bin:/sbin:/bin:/usr/games
USERNAME=xtingray
LD_LIBRARY_PATH=/usr/lib/jvm/java-6-sun-1.6.0.03/jre/lib/amd64/server:/usr/lib/jvm/java-6-sun-1.6.0.03/jre/lib/amd64:/usr/lib/jvm/java-6-sun-1.6.0.03/jre/../lib/amd64:/usr/lib/firefox
SHELL=/bin/bash
DISPLAY=:0.0

Signal Handlers:
SIGSEGV: [libjvm.so+0x61b150], sa_mask[0]=0x7ffbfeff, sa_flags=0x10000004
SIGBUS: [libjvm.so+0x61b150], sa_mask[0]=0x7ffbfeff, sa_flags=0x10000004
SIGFPE: [libjvm.so+0x4cbdd0], sa_mask[0]=0x7ffbfeff, sa_flags=0x10000004
SIGPIPE: [libjvm.so+0x4cbdd0], sa_mask[0]=0x7ffbfeff, sa_flags=0x10000004
SIGILL: [libjvm.so+0x4cbdd0], sa_mask[0]=0x7ffbfeff, sa_flags=0x10000004
SIGUSR1: SIG_DFL, sa_mask[0]=0x00000000, sa_flags=0x00000000
SIGUSR2: [libjvm.so+0x4cdff0], sa_mask[0]=0x00000004, sa_flags=0x10000004
SIGHUP: [libjvm.so+0x4cd930], sa_mask[0]=0x7ffbfeff, sa_flags=0x10000004
SIGINT: [libjvm.so+0x4cd930], sa_mask[0]=0x7ffbfeff, sa_flags=0x10000004
SIGQUIT: [libjvm.so+0x4cd930], sa_mask[0]=0x7ffbfeff, sa_flags=0x10000004
SIGTERM: [libjvm.so+0x4cd930], sa_mask[0]=0x7ffbfeff, sa_flags=0x10000004
SIGUSR2: [libjvm.so+0x4cdff0], sa_mask[0]=0x00000004, sa_flags=0x10000004


---------------  S Y S T E M  ---------------

OS:lenny/sid

uname:Linux 2.6.22-14-generic #1 SMP Sun Oct 14 21:45:15 GMT 2007 x86_64
libc:glibc 2.6.1 NPTL 2.6.1 
rlimit: STACK 8192k, CORE 0k, NPROC 43008, NOFILE 1024, AS infinity
load average:2.02 1.23 0.84

CPU:total 2 (2 cores per cpu, 1 threads per core) family 15 model 104 stepping 1, cmov, cx8, fxsr, mmx, sse, sse2, sse3, mmxext, 3dnow, 3dnowext

Memory: 4k page, physical 3982044k(263860k free), swap 996020k(996020k free)

vm_info: Java HotSpot(TM) 64-Bit Server VM (1.6.0_03-b05) for linux-amd64, built on Sep 24 2007 23:09:21 by "java_re" with gcc 3.2.2 (SuSE Linux)

